2025-09-16 15:13:52,959: HV000001: Hibernate Validator 8.0.3.Final
2025-09-16 15:13:53,031: Starting CloudRenderServerApplication using Java 17.0.9 with PID 10028 (F:\mygithub\CloudRenderServer\CloudRenderServer\target\classes started by indigo in F:\mygithub\CloudRenderServer\CloudRenderServer)
2025-09-16 15:13:53,035: No active profile set, falling back to 1 default profile: "default"
2025-09-16 15:13:54,296: Exception encountered during context initialization - cancelling refresh attempt: org.springframework.beans.factory.BeanDefinitionStoreException: Invalid bean definition with name 'instanceDao' defined in file [F:\mygithub\CloudRenderServer\CloudRenderServer\target\classes\com\xudri\cloudrenderserver\dao\InstanceDao.class]: Invalid value type for attribute 'factoryBeanObjectType': java.lang.String
2025-09-16 15:13:54,309: 

Error starting ApplicationContext. To display the condition evaluation report re-run your application with 'debug' enabled.
2025-09-16 15:13:54,335: Application run failed
org.springframework.beans.factory.BeanDefinitionStoreException: Invalid bean definition with name 'instanceDao' defined in file [F:\mygithub\CloudRenderServer\CloudRenderServer\target\classes\com\xudri\cloudrenderserver\dao\InstanceDao.class]: Invalid value type for attribute 'factoryBeanObjectType': java.lang.String
	at org.springframework.beans.factory.support.AbstractAutowireCapableBeanFactory.getTypeForFactoryBean(AbstractAutowireCapableBeanFactory.java:864) ~[spring-beans-6.2.10.jar:6.2.10]
	at org.springframework.beans.factory.support.AbstractBeanFactory.getType(AbstractBeanFactory.java:745) ~[spring-beans-6.2.10.jar:6.2.10]
	at org.springframework.beans.factory.support.DefaultListableBeanFactory.findAnnotationOnBean(DefaultListableBeanFactory.java:817) ~[spring-beans-6.2.10.jar:6.2.10]
	at org.springframework.boot.sql.init.dependency.AnnotationDependsOnDatabaseInitializationDetector.detect(AnnotationDependsOnDatabaseInitializationDetector.java:36) ~[spring-boot-3.5.5.jar:3.5.5]
	at org.springframework.boot.sql.init.dependency.DatabaseInitializationDependencyConfigurer$DependsOnDatabaseInitializationPostProcessor.detectDependsOnInitializationBeanNames(DatabaseInitializationDependencyConfigurer.java:152) ~[spring-boot-3.5.5.jar:3.5.5]
	at org.springframework.boot.sql.init.dependency.DatabaseInitializationDependencyConfigurer$DependsOnDatabaseInitializationPostProcessor.postProcessBeanFactory(DatabaseInitializationDependencyConfigurer.java:115) ~[spring-boot-3.5.5.jar:3.5.5]
	at org.springframework.context.support.PostProcessorRegistrationDelegate.invokeBeanFactoryPostProcessors(PostProcessorRegistrationDelegate.java:363) ~[spring-context-6.2.10.jar:6.2.10]
	at org.springframework.context.support.PostProcessorRegistrationDelegate.invokeBeanFactoryPostProcessors(PostProcessorRegistrationDelegate.java:197) ~[spring-context-6.2.10.jar:6.2.10]
	at org.springframework.context.support.AbstractApplicationContext.invokeBeanFactoryPostProcessors(AbstractApplicationContext.java:791) ~[spring-context-6.2.10.jar:6.2.10]
	at org.springframework.context.support.AbstractApplicationContext.refresh(AbstractApplicationContext.java:609) ~[spring-context-6.2.10.jar:6.2.10]
	at org.springframework.boot.web.servlet.context.ServletWebServerApplicationContext.refresh(ServletWebServerApplicationContext.java:146) ~[spring-boot-3.5.5.jar:3.5.5]
	at org.springframework.boot.SpringApplication.refresh(SpringApplication.java:752) [spring-boot-3.5.5.jar:3.5.5]
	at org.springframework.boot.SpringApplication.refreshContext(SpringApplication.java:439) [spring-boot-3.5.5.jar:3.5.5]
	at org.springframework.boot.SpringApplication.run(SpringApplication.java:318) [spring-boot-3.5.5.jar:3.5.5]
	at org.springframework.boot.SpringApplication.run(SpringApplication.java:1361) [spring-boot-3.5.5.jar:3.5.5]
	at org.springframework.boot.SpringApplication.run(SpringApplication.java:1350) [spring-boot-3.5.5.jar:3.5.5]
	at com.xudri.cloudrenderserver.CloudRenderServerApplication.main(CloudRenderServerApplication.java:16) [classes/:?]
2025-09-16 15:15:44,116: HV000001: Hibernate Validator 8.0.3.Final
2025-09-16 15:15:44,169: Starting CloudRenderServerApplication using Java 17.0.9 with PID 7724 (F:\mygithub\CloudRenderServer\CloudRenderServer\target\classes started by indigo in F:\mygithub\CloudRenderServer\CloudRenderServer)
2025-09-16 15:15:44,174: No active profile set, falling back to 1 default profile: "default"
2025-09-16 15:15:45,181: Exception encountered during context initialization - cancelling refresh attempt: org.springframework.beans.factory.BeanDefinitionStoreException: Invalid bean definition with name 'instanceDao' defined in file [F:\mygithub\CloudRenderServer\CloudRenderServer\target\classes\com\xudri\cloudrenderserver\dao\InstanceDao.class]: Invalid value type for attribute 'factoryBeanObjectType': java.lang.String
2025-09-16 15:15:45,201: 

Error starting ApplicationContext. To display the condition evaluation report re-run your application with 'debug' enabled.
2025-09-16 15:15:45,229: Application run failed
org.springframework.beans.factory.BeanDefinitionStoreException: Invalid bean definition with name 'instanceDao' defined in file [F:\mygithub\CloudRenderServer\CloudRenderServer\target\classes\com\xudri\cloudrenderserver\dao\InstanceDao.class]: Invalid value type for attribute 'factoryBeanObjectType': java.lang.String
	at org.springframework.beans.factory.support.AbstractAutowireCapableBeanFactory.getTypeForFactoryBean(AbstractAutowireCapableBeanFactory.java:864) ~[spring-beans-6.2.10.jar:6.2.10]
	at org.springframework.beans.factory.support.AbstractBeanFactory.getType(AbstractBeanFactory.java:745) ~[spring-beans-6.2.10.jar:6.2.10]
	at org.springframework.beans.factory.support.DefaultListableBeanFactory.findAnnotationOnBean(DefaultListableBeanFactory.java:817) ~[spring-beans-6.2.10.jar:6.2.10]
	at org.springframework.boot.sql.init.dependency.AnnotationDependsOnDatabaseInitializationDetector.detect(AnnotationDependsOnDatabaseInitializationDetector.java:36) ~[spring-boot-3.5.5.jar:3.5.5]
	at org.springframework.boot.sql.init.dependency.DatabaseInitializationDependencyConfigurer$DependsOnDatabaseInitializationPostProcessor.detectDependsOnInitializationBeanNames(DatabaseInitializationDependencyConfigurer.java:152) ~[spring-boot-3.5.5.jar:3.5.5]
	at org.springframework.boot.sql.init.dependency.DatabaseInitializationDependencyConfigurer$DependsOnDatabaseInitializationPostProcessor.postProcessBeanFactory(DatabaseInitializationDependencyConfigurer.java:115) ~[spring-boot-3.5.5.jar:3.5.5]
	at org.springframework.context.support.PostProcessorRegistrationDelegate.invokeBeanFactoryPostProcessors(PostProcessorRegistrationDelegate.java:363) ~[spring-context-6.2.10.jar:6.2.10]
	at org.springframework.context.support.PostProcessorRegistrationDelegate.invokeBeanFactoryPostProcessors(PostProcessorRegistrationDelegate.java:197) ~[spring-context-6.2.10.jar:6.2.10]
	at org.springframework.context.support.AbstractApplicationContext.invokeBeanFactoryPostProcessors(AbstractApplicationContext.java:791) ~[spring-context-6.2.10.jar:6.2.10]
	at org.springframework.context.support.AbstractApplicationContext.refresh(AbstractApplicationContext.java:609) ~[spring-context-6.2.10.jar:6.2.10]
	at org.springframework.boot.web.servlet.context.ServletWebServerApplicationContext.refresh(ServletWebServerApplicationContext.java:146) ~[spring-boot-3.5.5.jar:3.5.5]
	at org.springframework.boot.SpringApplication.refresh(SpringApplication.java:752) [spring-boot-3.5.5.jar:3.5.5]
	at org.springframework.boot.SpringApplication.refreshContext(SpringApplication.java:439) [spring-boot-3.5.5.jar:3.5.5]
	at org.springframework.boot.SpringApplication.run(SpringApplication.java:318) [spring-boot-3.5.5.jar:3.5.5]
	at org.springframework.boot.SpringApplication.run(SpringApplication.java:1361) [spring-boot-3.5.5.jar:3.5.5]
	at org.springframework.boot.SpringApplication.run(SpringApplication.java:1350) [spring-boot-3.5.5.jar:3.5.5]
	at com.xudri.cloudrenderserver.CloudRenderServerApplication.main(CloudRenderServerApplication.java:16) [classes/:?]
2025-09-16 15:17:29,154: HV000001: Hibernate Validator 8.0.3.Final
2025-09-16 15:17:29,218: Starting CloudRenderServerApplication using Java 17.0.9 with PID 29920 (F:\mygithub\CloudRenderServer\CloudRenderServer\target\classes started by indigo in F:\mygithub\CloudRenderServer\CloudRenderServer)
2025-09-16 15:17:29,225: No active profile set, falling back to 1 default profile: "default"
2025-09-16 15:17:30,283: Exception encountered during context initialization - cancelling refresh attempt: org.springframework.beans.factory.BeanDefinitionStoreException: Invalid bean definition with name 'instanceDao' defined in file [F:\mygithub\CloudRenderServer\CloudRenderServer\target\classes\com\xudri\cloudrenderserver\dao\InstanceDao.class]: Invalid value type for attribute 'factoryBeanObjectType': java.lang.String
2025-09-16 15:17:30,294: 

Error starting ApplicationContext. To display the condition evaluation report re-run your application with 'debug' enabled.
2025-09-16 15:17:30,324: Application run failed
org.springframework.beans.factory.BeanDefinitionStoreException: Invalid bean definition with name 'instanceDao' defined in file [F:\mygithub\CloudRenderServer\CloudRenderServer\target\classes\com\xudri\cloudrenderserver\dao\InstanceDao.class]: Invalid value type for attribute 'factoryBeanObjectType': java.lang.String
	at org.springframework.beans.factory.support.AbstractAutowireCapableBeanFactory.getTypeForFactoryBean(AbstractAutowireCapableBeanFactory.java:864) ~[spring-beans-6.2.10.jar:6.2.10]
	at org.springframework.beans.factory.support.AbstractBeanFactory.getType(AbstractBeanFactory.java:745) ~[spring-beans-6.2.10.jar:6.2.10]
	at org.springframework.beans.factory.support.DefaultListableBeanFactory.findAnnotationOnBean(DefaultListableBeanFactory.java:817) ~[spring-beans-6.2.10.jar:6.2.10]
	at org.springframework.boot.sql.init.dependency.AnnotationDependsOnDatabaseInitializationDetector.detect(AnnotationDependsOnDatabaseInitializationDetector.java:36) ~[spring-boot-3.5.5.jar:3.5.5]
	at org.springframework.boot.sql.init.dependency.DatabaseInitializationDependencyConfigurer$DependsOnDatabaseInitializationPostProcessor.detectDependsOnInitializationBeanNames(DatabaseInitializationDependencyConfigurer.java:152) ~[spring-boot-3.5.5.jar:3.5.5]
	at org.springframework.boot.sql.init.dependency.DatabaseInitializationDependencyConfigurer$DependsOnDatabaseInitializationPostProcessor.postProcessBeanFactory(DatabaseInitializationDependencyConfigurer.java:115) ~[spring-boot-3.5.5.jar:3.5.5]
	at org.springframework.context.support.PostProcessorRegistrationDelegate.invokeBeanFactoryPostProcessors(PostProcessorRegistrationDelegate.java:363) ~[spring-context-6.2.10.jar:6.2.10]
	at org.springframework.context.support.PostProcessorRegistrationDelegate.invokeBeanFactoryPostProcessors(PostProcessorRegistrationDelegate.java:197) ~[spring-context-6.2.10.jar:6.2.10]
	at org.springframework.context.support.AbstractApplicationContext.invokeBeanFactoryPostProcessors(AbstractApplicationContext.java:791) ~[spring-context-6.2.10.jar:6.2.10]
	at org.springframework.context.support.AbstractApplicationContext.refresh(AbstractApplicationContext.java:609) ~[spring-context-6.2.10.jar:6.2.10]
	at org.springframework.boot.web.servlet.context.ServletWebServerApplicationContext.refresh(ServletWebServerApplicationContext.java:146) ~[spring-boot-3.5.5.jar:3.5.5]
	at org.springframework.boot.SpringApplication.refresh(SpringApplication.java:752) [spring-boot-3.5.5.jar:3.5.5]
	at org.springframework.boot.SpringApplication.refreshContext(SpringApplication.java:439) [spring-boot-3.5.5.jar:3.5.5]
	at org.springframework.boot.SpringApplication.run(SpringApplication.java:318) [spring-boot-3.5.5.jar:3.5.5]
	at org.springframework.boot.SpringApplication.run(SpringApplication.java:1361) [spring-boot-3.5.5.jar:3.5.5]
	at org.springframework.boot.SpringApplication.run(SpringApplication.java:1350) [spring-boot-3.5.5.jar:3.5.5]
	at com.xudri.cloudrenderserver.CloudRenderServerApplication.main(CloudRenderServerApplication.java:16) [classes/:?]
2025-09-16 15:20:45,993: HV000001: Hibernate Validator 8.0.3.Final
2025-09-16 15:20:46,046: Starting CloudRenderServerApplication using Java 17.0.9 with PID 20272 (F:\mygithub\CloudRenderServer\CloudRenderServer\target\classes started by indigo in F:\mygithub\CloudRenderServer\CloudRenderServer)
2025-09-16 15:20:46,053: No active profile set, falling back to 1 default profile: "default"
2025-09-16 15:20:47,083: Exception encountered during context initialization - cancelling refresh attempt: org.springframework.beans.factory.BeanDefinitionStoreException: Invalid bean definition with name 'instanceDao' defined in file [F:\mygithub\CloudRenderServer\CloudRenderServer\target\classes\com\xudri\cloudrenderserver\dao\InstanceDao.class]: Invalid value type for attribute 'factoryBeanObjectType': java.lang.String
2025-09-16 15:20:47,094: 

Error starting ApplicationContext. To display the condition evaluation report re-run your application with 'debug' enabled.
2025-09-16 15:20:47,113: Application run failed
org.springframework.beans.factory.BeanDefinitionStoreException: Invalid bean definition with name 'instanceDao' defined in file [F:\mygithub\CloudRenderServer\CloudRenderServer\target\classes\com\xudri\cloudrenderserver\dao\InstanceDao.class]: Invalid value type for attribute 'factoryBeanObjectType': java.lang.String
	at org.springframework.beans.factory.support.AbstractAutowireCapableBeanFactory.getTypeForFactoryBean(AbstractAutowireCapableBeanFactory.java:864) ~[spring-beans-6.2.10.jar:6.2.10]
	at org.springframework.beans.factory.support.AbstractBeanFactory.getType(AbstractBeanFactory.java:745) ~[spring-beans-6.2.10.jar:6.2.10]
	at org.springframework.beans.factory.support.DefaultListableBeanFactory.findAnnotationOnBean(DefaultListableBeanFactory.java:817) ~[spring-beans-6.2.10.jar:6.2.10]
	at org.springframework.boot.sql.init.dependency.AnnotationDependsOnDatabaseInitializationDetector.detect(AnnotationDependsOnDatabaseInitializationDetector.java:36) ~[spring-boot-3.5.5.jar:3.5.5]
	at org.springframework.boot.sql.init.dependency.DatabaseInitializationDependencyConfigurer$DependsOnDatabaseInitializationPostProcessor.detectDependsOnInitializationBeanNames(DatabaseInitializationDependencyConfigurer.java:152) ~[spring-boot-3.5.5.jar:3.5.5]
	at org.springframework.boot.sql.init.dependency.DatabaseInitializationDependencyConfigurer$DependsOnDatabaseInitializationPostProcessor.postProcessBeanFactory(DatabaseInitializationDependencyConfigurer.java:115) ~[spring-boot-3.5.5.jar:3.5.5]
	at org.springframework.context.support.PostProcessorRegistrationDelegate.invokeBeanFactoryPostProcessors(PostProcessorRegistrationDelegate.java:363) ~[spring-context-6.2.10.jar:6.2.10]
	at org.springframework.context.support.PostProcessorRegistrationDelegate.invokeBeanFactoryPostProcessors(PostProcessorRegistrationDelegate.java:197) ~[spring-context-6.2.10.jar:6.2.10]
	at org.springframework.context.support.AbstractApplicationContext.invokeBeanFactoryPostProcessors(AbstractApplicationContext.java:791) ~[spring-context-6.2.10.jar:6.2.10]
	at org.springframework.context.support.AbstractApplicationContext.refresh(AbstractApplicationContext.java:609) ~[spring-context-6.2.10.jar:6.2.10]
	at org.springframework.boot.web.servlet.context.ServletWebServerApplicationContext.refresh(ServletWebServerApplicationContext.java:146) ~[spring-boot-3.5.5.jar:3.5.5]
	at org.springframework.boot.SpringApplication.refresh(SpringApplication.java:752) [spring-boot-3.5.5.jar:3.5.5]
	at org.springframework.boot.SpringApplication.refreshContext(SpringApplication.java:439) [spring-boot-3.5.5.jar:3.5.5]
	at org.springframework.boot.SpringApplication.run(SpringApplication.java:318) [spring-boot-3.5.5.jar:3.5.5]
	at org.springframework.boot.SpringApplication.run(SpringApplication.java:1361) [spring-boot-3.5.5.jar:3.5.5]
	at org.springframework.boot.SpringApplication.run(SpringApplication.java:1350) [spring-boot-3.5.5.jar:3.5.5]
	at com.xudri.cloudrenderserver.CloudRenderServerApplication.main(CloudRenderServerApplication.java:16) [classes/:?]
2025-09-16 15:25:32,663: HV000001: Hibernate Validator 8.0.3.Final
2025-09-16 15:25:32,719: Starting CloudRenderServerApplication using Java 17.0.9 with PID 25964 (F:\mygithub\CloudRenderServer\CloudRenderServer\target\classes started by indigo in F:\mygithub\CloudRenderServer\CloudRenderServer)
2025-09-16 15:25:32,726: No active profile set, falling back to 1 default profile: "default"
2025-09-16 15:25:33,780: Exception encountered during context initialization - cancelling refresh attempt: org.springframework.beans.factory.BeanDefinitionStoreException: Invalid bean definition with name 'instanceDao' defined in file [F:\mygithub\CloudRenderServer\CloudRenderServer\target\classes\com\xudri\cloudrenderserver\dao\InstanceDao.class]: Invalid value type for attribute 'factoryBeanObjectType': java.lang.String
2025-09-16 15:25:33,792: 

Error starting ApplicationContext. To display the condition evaluation report re-run your application with 'debug' enabled.
2025-09-16 15:25:33,825: Application run failed
org.springframework.beans.factory.BeanDefinitionStoreException: Invalid bean definition with name 'instanceDao' defined in file [F:\mygithub\CloudRenderServer\CloudRenderServer\target\classes\com\xudri\cloudrenderserver\dao\InstanceDao.class]: Invalid value type for attribute 'factoryBeanObjectType': java.lang.String
	at org.springframework.beans.factory.support.AbstractAutowireCapableBeanFactory.getTypeForFactoryBean(AbstractAutowireCapableBeanFactory.java:864) ~[spring-beans-6.2.10.jar:6.2.10]
	at org.springframework.beans.factory.support.AbstractBeanFactory.getType(AbstractBeanFactory.java:745) ~[spring-beans-6.2.10.jar:6.2.10]
	at org.springframework.beans.factory.support.DefaultListableBeanFactory.findAnnotationOnBean(DefaultListableBeanFactory.java:817) ~[spring-beans-6.2.10.jar:6.2.10]
	at org.springframework.boot.sql.init.dependency.AnnotationDependsOnDatabaseInitializationDetector.detect(AnnotationDependsOnDatabaseInitializationDetector.java:36) ~[spring-boot-3.5.5.jar:3.5.5]
	at org.springframework.boot.sql.init.dependency.DatabaseInitializationDependencyConfigurer$DependsOnDatabaseInitializationPostProcessor.detectDependsOnInitializationBeanNames(DatabaseInitializationDependencyConfigurer.java:152) ~[spring-boot-3.5.5.jar:3.5.5]
	at org.springframework.boot.sql.init.dependency.DatabaseInitializationDependencyConfigurer$DependsOnDatabaseInitializationPostProcessor.postProcessBeanFactory(DatabaseInitializationDependencyConfigurer.java:115) ~[spring-boot-3.5.5.jar:3.5.5]
	at org.springframework.context.support.PostProcessorRegistrationDelegate.invokeBeanFactoryPostProcessors(PostProcessorRegistrationDelegate.java:363) ~[spring-context-6.2.10.jar:6.2.10]
	at org.springframework.context.support.PostProcessorRegistrationDelegate.invokeBeanFactoryPostProcessors(PostProcessorRegistrationDelegate.java:197) ~[spring-context-6.2.10.jar:6.2.10]
	at org.springframework.context.support.AbstractApplicationContext.invokeBeanFactoryPostProcessors(AbstractApplicationContext.java:791) ~[spring-context-6.2.10.jar:6.2.10]
	at org.springframework.context.support.AbstractApplicationContext.refresh(AbstractApplicationContext.java:609) ~[spring-context-6.2.10.jar:6.2.10]
	at org.springframework.boot.web.servlet.context.ServletWebServerApplicationContext.refresh(ServletWebServerApplicationContext.java:146) ~[spring-boot-3.5.5.jar:3.5.5]
	at org.springframework.boot.SpringApplication.refresh(SpringApplication.java:752) [spring-boot-3.5.5.jar:3.5.5]
	at org.springframework.boot.SpringApplication.refreshContext(SpringApplication.java:439) [spring-boot-3.5.5.jar:3.5.5]
	at org.springframework.boot.SpringApplication.run(SpringApplication.java:318) [spring-boot-3.5.5.jar:3.5.5]
	at org.springframework.boot.SpringApplication.run(SpringApplication.java:1361) [spring-boot-3.5.5.jar:3.5.5]
	at org.springframework.boot.SpringApplication.run(SpringApplication.java:1350) [spring-boot-3.5.5.jar:3.5.5]
	at com.xudri.cloudrenderserver.CloudRenderServerApplication.main(CloudRenderServerApplication.java:16) [classes/:?]
2025-09-16 15:27:43,030: HV000001: Hibernate Validator 8.0.3.Final
2025-09-16 15:27:43,101: Starting CloudRenderServerApplication using Java 17.0.9 with PID 25228 (F:\mygithub\CloudRenderServer\CloudRenderServer\target\classes started by indigo in F:\mygithub\CloudRenderServer\CloudRenderServer)
2025-09-16 15:27:43,108: No active profile set, falling back to 1 default profile: "default"
2025-09-16 15:27:44,324: Exception encountered during context initialization - cancelling refresh attempt: org.springframework.beans.factory.BeanDefinitionStoreException: Invalid bean definition with name 'instanceDao' defined in file [F:\mygithub\CloudRenderServer\CloudRenderServer\target\classes\com\xudri\cloudrenderserver\dao\InstanceDao.class]: Invalid value type for attribute 'factoryBeanObjectType': java.lang.String
2025-09-16 15:27:44,337: 

Error starting ApplicationContext. To display the condition evaluation report re-run your application with 'debug' enabled.
2025-09-16 15:27:44,376: Application run failed
org.springframework.beans.factory.BeanDefinitionStoreException: Invalid bean definition with name 'instanceDao' defined in file [F:\mygithub\CloudRenderServer\CloudRenderServer\target\classes\com\xudri\cloudrenderserver\dao\InstanceDao.class]: Invalid value type for attribute 'factoryBeanObjectType': java.lang.String
	at org.springframework.beans.factory.support.AbstractAutowireCapableBeanFactory.getTypeForFactoryBean(AbstractAutowireCapableBeanFactory.java:864) ~[spring-beans-6.2.10.jar:6.2.10]
	at org.springframework.beans.factory.support.AbstractBeanFactory.getType(AbstractBeanFactory.java:745) ~[spring-beans-6.2.10.jar:6.2.10]
	at org.springframework.beans.factory.support.DefaultListableBeanFactory.findAnnotationOnBean(DefaultListableBeanFactory.java:817) ~[spring-beans-6.2.10.jar:6.2.10]
	at org.springframework.boot.sql.init.dependency.AnnotationDependsOnDatabaseInitializationDetector.detect(AnnotationDependsOnDatabaseInitializationDetector.java:36) ~[spring-boot-3.5.5.jar:3.5.5]
	at org.springframework.boot.sql.init.dependency.DatabaseInitializationDependencyConfigurer$DependsOnDatabaseInitializationPostProcessor.detectDependsOnInitializationBeanNames(DatabaseInitializationDependencyConfigurer.java:152) ~[spring-boot-3.5.5.jar:3.5.5]
	at org.springframework.boot.sql.init.dependency.DatabaseInitializationDependencyConfigurer$DependsOnDatabaseInitializationPostProcessor.postProcessBeanFactory(DatabaseInitializationDependencyConfigurer.java:115) ~[spring-boot-3.5.5.jar:3.5.5]
	at org.springframework.context.support.PostProcessorRegistrationDelegate.invokeBeanFactoryPostProcessors(PostProcessorRegistrationDelegate.java:363) ~[spring-context-6.2.10.jar:6.2.10]
	at org.springframework.context.support.PostProcessorRegistrationDelegate.invokeBeanFactoryPostProcessors(PostProcessorRegistrationDelegate.java:197) ~[spring-context-6.2.10.jar:6.2.10]
	at org.springframework.context.support.AbstractApplicationContext.invokeBeanFactoryPostProcessors(AbstractApplicationContext.java:791) ~[spring-context-6.2.10.jar:6.2.10]
	at org.springframework.context.support.AbstractApplicationContext.refresh(AbstractApplicationContext.java:609) ~[spring-context-6.2.10.jar:6.2.10]
	at org.springframework.boot.web.servlet.context.ServletWebServerApplicationContext.refresh(ServletWebServerApplicationContext.java:146) ~[spring-boot-3.5.5.jar:3.5.5]
	at org.springframework.boot.SpringApplication.refresh(SpringApplication.java:752) [spring-boot-3.5.5.jar:3.5.5]
	at org.springframework.boot.SpringApplication.refreshContext(SpringApplication.java:439) [spring-boot-3.5.5.jar:3.5.5]
	at org.springframework.boot.SpringApplication.run(SpringApplication.java:318) [spring-boot-3.5.5.jar:3.5.5]
	at org.springframework.boot.SpringApplication.run(SpringApplication.java:1361) [spring-boot-3.5.5.jar:3.5.5]
	at org.springframework.boot.SpringApplication.run(SpringApplication.java:1350) [spring-boot-3.5.5.jar:3.5.5]
	at com.xudri.cloudrenderserver.CloudRenderServerApplication.main(CloudRenderServerApplication.java:18) [classes/:?]
2025-09-16 15:28:04,568: HV000001: Hibernate Validator 8.0.3.Final
2025-09-16 15:28:04,624: Starting CloudRenderServerApplication using Java 17.0.9 with PID 15168 (F:\mygithub\CloudRenderServer\CloudRenderServer\target\classes started by indigo in F:\mygithub\CloudRenderServer\CloudRenderServer)
2025-09-16 15:28:04,632: No active profile set, falling back to 1 default profile: "default"
2025-09-16 15:28:05,886: Exception encountered during context initialization - cancelling refresh attempt: org.springframework.beans.factory.BeanDefinitionStoreException: Invalid bean definition with name 'instanceDao' defined in file [F:\mygithub\CloudRenderServer\CloudRenderServer\target\classes\com\xudri\cloudrenderserver\dao\InstanceDao.class]: Invalid value type for attribute 'factoryBeanObjectType': java.lang.String
2025-09-16 15:28:05,902: 

Error starting ApplicationContext. To display the condition evaluation report re-run your application with 'debug' enabled.
2025-09-16 15:28:05,941: Application run failed
org.springframework.beans.factory.BeanDefinitionStoreException: Invalid bean definition with name 'instanceDao' defined in file [F:\mygithub\CloudRenderServer\CloudRenderServer\target\classes\com\xudri\cloudrenderserver\dao\InstanceDao.class]: Invalid value type for attribute 'factoryBeanObjectType': java.lang.String
	at org.springframework.beans.factory.support.AbstractAutowireCapableBeanFactory.getTypeForFactoryBean(AbstractAutowireCapableBeanFactory.java:864) ~[spring-beans-6.2.10.jar:6.2.10]
	at org.springframework.beans.factory.support.AbstractBeanFactory.getType(AbstractBeanFactory.java:745) ~[spring-beans-6.2.10.jar:6.2.10]
	at org.springframework.beans.factory.support.DefaultListableBeanFactory.findAnnotationOnBean(DefaultListableBeanFactory.java:817) ~[spring-beans-6.2.10.jar:6.2.10]
	at org.springframework.boot.sql.init.dependency.AnnotationDependsOnDatabaseInitializationDetector.detect(AnnotationDependsOnDatabaseInitializationDetector.java:36) ~[spring-boot-3.5.5.jar:3.5.5]
	at org.springframework.boot.sql.init.dependency.DatabaseInitializationDependencyConfigurer$DependsOnDatabaseInitializationPostProcessor.detectDependsOnInitializationBeanNames(DatabaseInitializationDependencyConfigurer.java:152) ~[spring-boot-3.5.5.jar:3.5.5]
	at org.springframework.boot.sql.init.dependency.DatabaseInitializationDependencyConfigurer$DependsOnDatabaseInitializationPostProcessor.postProcessBeanFactory(DatabaseInitializationDependencyConfigurer.java:115) ~[spring-boot-3.5.5.jar:3.5.5]
	at org.springframework.context.support.PostProcessorRegistrationDelegate.invokeBeanFactoryPostProcessors(PostProcessorRegistrationDelegate.java:363) ~[spring-context-6.2.10.jar:6.2.10]
	at org.springframework.context.support.PostProcessorRegistrationDelegate.invokeBeanFactoryPostProcessors(PostProcessorRegistrationDelegate.java:197) ~[spring-context-6.2.10.jar:6.2.10]
	at org.springframework.context.support.AbstractApplicationContext.invokeBeanFactoryPostProcessors(AbstractApplicationContext.java:791) ~[spring-context-6.2.10.jar:6.2.10]
	at org.springframework.context.support.AbstractApplicationContext.refresh(AbstractApplicationContext.java:609) ~[spring-context-6.2.10.jar:6.2.10]
	at org.springframework.boot.web.servlet.context.ServletWebServerApplicationContext.refresh(ServletWebServerApplicationContext.java:146) ~[spring-boot-3.5.5.jar:3.5.5]
	at org.springframework.boot.SpringApplication.refresh(SpringApplication.java:752) [spring-boot-3.5.5.jar:3.5.5]
	at org.springframework.boot.SpringApplication.refreshContext(SpringApplication.java:439) [spring-boot-3.5.5.jar:3.5.5]
	at org.springframework.boot.SpringApplication.run(SpringApplication.java:318) [spring-boot-3.5.5.jar:3.5.5]
	at org.springframework.boot.SpringApplication.run(SpringApplication.java:1361) [spring-boot-3.5.5.jar:3.5.5]
	at org.springframework.boot.SpringApplication.run(SpringApplication.java:1350) [spring-boot-3.5.5.jar:3.5.5]
	at com.xudri.cloudrenderserver.CloudRenderServerApplication.main(CloudRenderServerApplication.java:16) [classes/:?]
2025-09-16 15:31:30,450: HV000001: Hibernate Validator 8.0.3.Final
2025-09-16 15:31:30,508: Starting CloudRenderServerApplication using Java 17.0.9 with PID 25580 (F:\mygithub\CloudRenderServer\CloudRenderServer\target\classes started by indigo in F:\mygithub\CloudRenderServer\CloudRenderServer)
2025-09-16 15:31:30,516: No active profile set, falling back to 1 default profile: "default"
2025-09-16 15:31:32,431: Tomcat initialized with port 9091 (http)
2025-09-16 15:31:32,450: Initializing ProtocolHandler ["http-nio-9091"]
2025-09-16 15:31:32,455: Starting service [Tomcat]
2025-09-16 15:31:32,455: Starting Servlet engine: [Apache Tomcat/10.1.44]
2025-09-16 15:31:32,575: Initializing Spring embedded WebApplicationContext
2025-09-16 15:31:32,577: Root WebApplicationContext: initialization completed in 2002 ms
2025-09-16 15:31:32,981: HikariPool-1 - Starting...
2025-09-16 15:31:33,155: HikariPool-1 - Added connection org.sqlite.jdbc4.JDBC4Connection@a3b858f
2025-09-16 15:31:33,157: HikariPool-1 - Start completed.
2025-09-16 15:31:33,519: Can not find table primary key in Class: "com.xudri.cloudrenderserver.entity.Project".
2025-09-16 15:31:33,520: class com.xudri.cloudrenderserver.entity.Project ,Not found @TableId annotation, Cannot use Mybatis-Plus 'xxById' Method.
2025-09-16 15:31:34,364: Adding welcome page: class path resource [public/index.html]
2025-09-16 15:31:34,714: Register ApplicationContext instances org.springframework.boot.web.servlet.context.AnnotationConfigServletWebServerApplicationContext@5298dead
2025-09-16 15:31:34,904: Starting ProtocolHandler ["http-nio-9091"]
2025-09-16 15:31:34,938: Tomcat started on port 9091 (http) with context path '/'
2025-09-16 15:31:34,953: Started CloudRenderServerApplication in 5.007 seconds (process running for 7.208)
2025-09-16 15:31:35,482: Signalling server started on port 8888
2025-09-16 15:40:44,017: Unknown client type, closing connection. Parameters: {}
2025-09-16 15:42:20,103: HikariPool-1 - Thread starvation or clock leap detected (housekeeper delta=46s647ms667µs200ns).
2025-09-16 15:42:20,105: Unknown client type, closing connection. Parameters: {}
2025-09-16 15:42:27,818: Unknown client type, closing connection. Parameters: {}
2025-09-16 15:42:46,372: Unknown client type, closing connection. Parameters: {}
2025-09-16 15:43:15,107: Unknown client type, closing connection. Parameters: {}
2025-09-16 15:43:43,190: Unknown client type, closing connection. Parameters: {}
2025-09-16 15:45:24,326: Unknown client type, closing connection. Parameters: {}
2025-09-16 15:46:52,312: Unknown client type, closing connection. Parameters: {}
2025-09-16 15:47:03,646: Unknown client type, closing connection. Parameters: {}
2025-09-16 15:47:24,950: Streamer 68a5c1b4e8ef822ca01eb028 connected
2025-09-16 15:48:28,706: Exception caught in channel fb804c4a
java.net.SocketException: Connection reset
	at java.base/sun.nio.ch.SocketChannelImpl.throwConnectionReset(SocketChannelImpl.java:394) ~[?:?]
	at java.base/sun.nio.ch.SocketChannelImpl.read(SocketChannelImpl.java:426) ~[?:?]
	at io.netty.buffer.PooledByteBuf.setBytes(PooledByteBuf.java:255) ~[netty-buffer-4.1.124.Final.jar:4.1.124.Final]
	at io.netty.buffer.AbstractByteBuf.writeBytes(AbstractByteBuf.java:1132) ~[netty-buffer-4.1.124.Final.jar:4.1.124.Final]
	at io.netty.channel.socket.nio.NioSocketChannel.doReadBytes(NioSocketChannel.java:356) ~[netty-transport-4.1.124.Final.jar:4.1.124.Final]
	at io.netty.channel.nio.AbstractNioByteChannel$NioByteUnsafe.read(AbstractNioByteChannel.java:151) [netty-transport-4.1.124.Final.jar:4.1.124.Final]
	at io.netty.channel.nio.NioEventLoop.processSelectedKey(NioEventLoop.java:796) [netty-transport-4.1.124.Final.jar:4.1.124.Final]
	at io.netty.channel.nio.NioEventLoop.processSelectedKeysOptimized(NioEventLoop.java:732) [netty-transport-4.1.124.Final.jar:4.1.124.Final]
	at io.netty.channel.nio.NioEventLoop.processSelectedKeys(NioEventLoop.java:658) [netty-transport-4.1.124.Final.jar:4.1.124.Final]
	at io.netty.channel.nio.NioEventLoop.run(NioEventLoop.java:562) [netty-transport-4.1.124.Final.jar:4.1.124.Final]
	at io.netty.util.concurrent.SingleThreadEventExecutor$4.run(SingleThreadEventExecutor.java:998) [netty-common-4.1.124.Final.jar:4.1.124.Final]
	at io.netty.util.internal.ThreadExecutorMap$2.run(ThreadExecutorMap.java:74) [netty-common-4.1.124.Final.jar:4.1.124.Final]
	at io.netty.util.concurrent.FastThreadLocalRunnable.run(FastThreadLocalRunnable.java:30) [netty-common-4.1.124.Final.jar:4.1.124.Final]
	at java.base/java.lang.Thread.run(Thread.java:842) [?:?]
2025-09-16 15:48:28,717: Streamer 68a5c1b4e8ef822ca01eb028 disconnected
2025-09-16 16:06:03,172: HV000001: Hibernate Validator 8.0.3.Final
2025-09-16 16:06:03,236: Starting CloudRenderServerApplication using Java 17.0.9 with PID 29920 (F:\mygithub\CloudRenderServer\CloudRenderServer\target\classes started by indigo in F:\mygithub\CloudRenderServer\CloudRenderServer)
2025-09-16 16:06:03,245: No active profile set, falling back to 1 default profile: "default"
2025-09-16 16:06:04,870: Tomcat initialized with port 9091 (http)
2025-09-16 16:06:04,886: Initializing ProtocolHandler ["http-nio-9091"]
2025-09-16 16:06:04,889: Starting service [Tomcat]
2025-09-16 16:06:04,890: Starting Servlet engine: [Apache Tomcat/10.1.44]
2025-09-16 16:06:05,013: Initializing Spring embedded WebApplicationContext
2025-09-16 16:06:05,015: Root WebApplicationContext: initialization completed in 1701 ms
2025-09-16 16:06:05,428: HikariPool-1 - Starting...
2025-09-16 16:06:05,632: HikariPool-1 - Added connection org.sqlite.jdbc4.JDBC4Connection@283a8ad6
2025-09-16 16:06:05,634: HikariPool-1 - Start completed.
2025-09-16 16:06:05,931: Can not find table primary key in Class: "com.xudri.cloudrenderserver.entity.Project".
2025-09-16 16:06:05,931: class com.xudri.cloudrenderserver.entity.Project ,Not found @TableId annotation, Cannot use Mybatis-Plus 'xxById' Method.
2025-09-16 16:06:06,752: Adding welcome page: class path resource [public/index.html]
2025-09-16 16:06:07,064: Register ApplicationContext instances org.springframework.boot.web.servlet.context.AnnotationConfigServletWebServerApplicationContext@5298dead
2025-09-16 16:06:07,252: Starting ProtocolHandler ["http-nio-9091"]
2025-09-16 16:06:07,285: Tomcat started on port 9091 (http) with context path '/'
2025-09-16 16:06:07,298: Started CloudRenderServerApplication in 4.594 seconds (process running for 5.818)
2025-09-16 16:06:07,750: Signalling server started on port 8888
2025-09-16 16:06:27,167: Streamer 68a5c1b4e8ef822ca01eb028 connected
2025-09-16 16:08:20,998: Streamer 68a5c1b4e8ef822ca01eb028 disconnected
2025-09-16 16:09:24,821: Commencing graceful shutdown. Waiting for active requests to complete
2025-09-16 16:09:24,870: Graceful shutdown complete
